<?xml version="1.0" encoding="UTF-8"?>
<!-- Generated by org.testng.reporters.JUnitXMLReporter -->
<testsuite hostname="Mervin-PC" name="Default test" tests="5" failures="0" timestamp="15 Mar 2017 20:52:54 GMT" time="230.656" errors="0">
  <testcase name="T01_AgregarDatosConctacto" time="51.507" classname="claimVida.Claim_Vida_Excel"/>
  <testcase name="T02_AgregarOtroDatoConctacto" time="51.023" classname="claimVida.Claim_Vida_Excel"/>
  <testcase name="T03_EditarDatosContacto" time="49.678" classname="claimVida.Claim_Vida_Excel"/>
  <testcase name="T04_EliminarDatosContacto" time="47.832" classname="claimVida.Claim_Vida_Excel"/>
  <testcase name="T05_ZAvanzarAdmitirExpediente" time="15.587" classname="claimVida.Claim_Vida_Excel"/>
</testsuite> <!-- Default test -->
