<?xml version="1.0" encoding="UTF-8"?>
<testng-results skipped="0" failed="0" total="5" passed="5">
  <reporter-output>
  </reporter-output>
  <suite name="Default suite" duration-ms="230656" started-at="2017-03-15T20:49:03Z" finished-at="2017-03-15T20:52:54Z">
    <groups>
    </groups>
    <test name="Default test" duration-ms="230656" started-at="2017-03-15T20:49:03Z" finished-at="2017-03-15T20:52:54Z">
      <class name="claimVida.Claim_Vida_Excel">
        <test-method status="PASS" signature="setUp()[pri:0, instance:claimVida.Claim_Vida_Excel@5ec0a365]" name="setUp" is-config="true" duration-ms="9076" started-at="2017-03-15T17:49:03Z" finished-at="2017-03-15T17:49:13Z">
          <reporter-output>
          </reporter-output>
        </test-method> <!-- setUp -->
        <test-method status="PASS" signature="T01_AgregarDatosConctacto()[pri:0, instance:claimVida.Claim_Vida_Excel@5ec0a365]" name="T01_AgregarDatosConctacto" duration-ms="51507" started-at="2017-03-15T17:49:13Z" finished-at="2017-03-15T17:50:04Z">
          <reporter-output>
          </reporter-output>
        </test-method> <!-- T01_AgregarDatosConctacto -->
        <test-method status="PASS" signature="tearDown(org.testng.ITestResult)[pri:0, instance:claimVida.Claim_Vida_Excel@5ec0a365]" name="tearDown" is-config="true" duration-ms="1036" started-at="2017-03-15T17:50:04Z" finished-at="2017-03-15T17:50:05Z">
          <params>
            <param index="0">
              <value>
                <![CDATA[[TestResult name=T01_AgregarDatosConctacto status=SUCCESS method=Claim_Vida_Excel.T01_AgregarDatosConctacto()[pri:0, instance:claimVida.Claim_Vida_Excel@5ec0a365] output={null}]]]>
              </value>
            </param>
          </params>
          <reporter-output>
          </reporter-output>
        </test-method> <!-- tearDown -->
        <test-method status="PASS" signature="T02_AgregarOtroDatoConctacto()[pri:0, instance:claimVida.Claim_Vida_Excel@5ec0a365]" name="T02_AgregarOtroDatoConctacto" duration-ms="51023" started-at="2017-03-15T17:50:05Z" finished-at="2017-03-15T17:50:56Z">
          <reporter-output>
          </reporter-output>
        </test-method> <!-- T02_AgregarOtroDatoConctacto -->
        <test-method status="PASS" signature="tearDown(org.testng.ITestResult)[pri:0, instance:claimVida.Claim_Vida_Excel@5ec0a365]" name="tearDown" is-config="true" duration-ms="1152" started-at="2017-03-15T17:50:56Z" finished-at="2017-03-15T17:50:57Z">
          <params>
            <param index="0">
              <value>
                <![CDATA[[TestResult name=T02_AgregarOtroDatoConctacto status=SUCCESS method=Claim_Vida_Excel.T02_AgregarOtroDatoConctacto()[pri:0, instance:claimVida.Claim_Vida_Excel@5ec0a365] output={null}]]]>
              </value>
            </param>
          </params>
          <reporter-output>
          </reporter-output>
        </test-method> <!-- tearDown -->
        <test-method status="PASS" signature="T03_EditarDatosContacto()[pri:0, instance:claimVida.Claim_Vida_Excel@5ec0a365]" name="T03_EditarDatosContacto" duration-ms="49678" started-at="2017-03-15T17:50:57Z" finished-at="2017-03-15T17:51:47Z">
          <reporter-output>
          </reporter-output>
        </test-method> <!-- T03_EditarDatosContacto -->
        <test-method status="PASS" signature="tearDown(org.testng.ITestResult)[pri:0, instance:claimVida.Claim_Vida_Excel@5ec0a365]" name="tearDown" is-config="true" duration-ms="1558" started-at="2017-03-15T17:51:47Z" finished-at="2017-03-15T17:51:49Z">
          <params>
            <param index="0">
              <value>
                <![CDATA[[TestResult name=T03_EditarDatosContacto status=SUCCESS method=Claim_Vida_Excel.T03_EditarDatosContacto()[pri:0, instance:claimVida.Claim_Vida_Excel@5ec0a365] output={null}]]]>
              </value>
            </param>
          </params>
          <reporter-output>
          </reporter-output>
        </test-method> <!-- tearDown -->
        <test-method status="PASS" signature="T04_EliminarDatosContacto()[pri:0, instance:claimVida.Claim_Vida_Excel@5ec0a365]" name="T04_EliminarDatosContacto" duration-ms="47832" started-at="2017-03-15T17:51:49Z" finished-at="2017-03-15T17:52:36Z">
          <reporter-output>
          </reporter-output>
        </test-method> <!-- T04_EliminarDatosContacto -->
        <test-method status="PASS" signature="tearDown(org.testng.ITestResult)[pri:0, instance:claimVida.Claim_Vida_Excel@5ec0a365]" name="tearDown" is-config="true" duration-ms="1130" started-at="2017-03-15T17:52:36Z" finished-at="2017-03-15T17:52:38Z">
          <params>
            <param index="0">
              <value>
                <![CDATA[[TestResult name=T04_EliminarDatosContacto status=SUCCESS method=Claim_Vida_Excel.T04_EliminarDatosContacto()[pri:0, instance:claimVida.Claim_Vida_Excel@5ec0a365] output={null}]]]>
              </value>
            </param>
          </params>
          <reporter-output>
          </reporter-output>
        </test-method> <!-- tearDown -->
        <test-method status="PASS" signature="T05_ZAvanzarAdmitirExpediente()[pri:0, instance:claimVida.Claim_Vida_Excel@5ec0a365]" name="T05_ZAvanzarAdmitirExpediente" duration-ms="15587" started-at="2017-03-15T17:52:38Z" finished-at="2017-03-15T17:52:53Z">
          <reporter-output>
          </reporter-output>
        </test-method> <!-- T05_ZAvanzarAdmitirExpediente -->
        <test-method status="PASS" signature="tearDown(org.testng.ITestResult)[pri:0, instance:claimVida.Claim_Vida_Excel@5ec0a365]" name="tearDown" is-config="true" duration-ms="122" started-at="2017-03-15T17:52:53Z" finished-at="2017-03-15T17:52:53Z">
          <params>
            <param index="0">
              <value>
                <![CDATA[[TestResult name=T05_ZAvanzarAdmitirExpediente status=SUCCESS method=Claim_Vida_Excel.T05_ZAvanzarAdmitirExpediente()[pri:0, instance:claimVida.Claim_Vida_Excel@5ec0a365] output={null}]]]>
              </value>
            </param>
          </params>
          <reporter-output>
          </reporter-output>
        </test-method> <!-- tearDown -->
        <test-method status="PASS" signature="tearDown()[pri:0, instance:claimVida.Claim_Vida_Excel@5ec0a365]" name="tearDown" is-config="true" duration-ms="914" started-at="2017-03-15T17:52:53Z" finished-at="2017-03-15T17:52:54Z">
          <reporter-output>
          </reporter-output>
        </test-method> <!-- tearDown -->
      </class> <!-- claimVida.Claim_Vida_Excel -->
    </test> <!-- Default test -->
  </suite> <!-- Default suite -->
</testng-results>
